生成启动时间为 2019/3/30 13:51:39。
     1>项目“E:\0001\002\002\002.vcxproj”在节点 2 上(build 个目标)。
     1>InitializeBuildStatus:
         正在创建“Debug\002.unsuccessfulbuild”，因为已指定“AlwaysCreate”。
       ClCompile:
         D:\VS2010\VC\bin\CL.exe /c /ZI /nologo /W3 /WX- /Od /Oy- /D _MBCS /Gm /EHsc /RTC1 /MDd /GS /fp:precise /Zc:wchar_t /Zc:forScope /Fo"Debug\\" /Fd"Debug\vc100.pdb" /Gd /TP /analyze- /errorReport:prompt main.cpp
         main.cpp
     1>e:\0001\002\002\main.cpp(103): warning C4305: “=”: 从“int”到“uchar”截断
     1>e:\0001\002\002\main.cpp(103): warning C4309: “=”: 截断常量值
     1>e:\0001\002\002\main.cpp(104): warning C4305: “=”: 从“int”到“uchar”截断
     1>e:\0001\002\002\main.cpp(104): warning C4309: “=”: 截断常量值
     1>e:\0001\002\002\main.cpp(105): warning C4305: “=”: 从“int”到“uchar”截断
     1>e:\0001\002\002\main.cpp(105): warning C4309: “=”: 截断常量值
       Link:
         D:\VS2010\VC\bin\link.exe /ERRORREPORT:PROMPT /OUT:"E:\0001\002\Debug\002.exe" /NOLOGO opencv_ml249d.lib opencv_calib3d249d.lib opencv_contrib249d.lib opencv_core249d.lib opencv_features2d249d.lib opencv_flann249d.lib opencv_gpu249d.lib opencv_highgui249d.lib opencv_imgproc249d.lib opencv_legacy249d.lib opencv_objdetect249d.lib opencv_ts249d.lib opencv_video249d.lib opencv_nonfree249d.lib opencv_ocl249d.lib opencv_photo249d.lib opencv_stitching249d.lib opencv_superres249d.lib opencv_videostab249d.lib opencv_objdetect249.lib opencv_ts249.lib opencv_video249.lib opencv_nonfree249.lib opencv_ocl249.lib opencv_photo249.lib opencv_stitching249.lib opencv_superres249.lib opencv_videostab249.lib opencv_calib3d249.lib opencv_contrib249.lib opencv_core249.lib opencv_features2d249.lib opencv_flann249.lib opencv_gpu249.lib opencv_highgui249.lib opencv_imgproc249.lib opencv_legacy249.lib opencv_ml249.lib kernel32.lib user32.lib gdi32.lib winspool.lib comdlg32.lib advapi32.lib shell32.lib ole32.lib oleaut32.lib uuid.lib odbc32.lib odbccp32.lib /MANIFEST /ManifestFile:"Debug\002.exe.intermediate.manifest" /MANIFESTUAC:"level='asInvoker' uiAccess='false'" /DEBUG /PDB:"E:\0001\002\Debug\002.pdb" /TLBID:1 /DYNAMICBASE /NXCOMPAT /IMPLIB:"E:\0001\002\Debug\002.lib" /MACHINE:X86 Debug\ComputeTime.obj
         Debug\main.obj
         Debug\SLIC.obj
         LINK : 没有找到 E:\0001\002\Debug\002.exe 或上一个增量链接没有生成它；正在执行完全链接
         002.vcxproj -> E:\0001\002\Debug\002.exe
       Manifest:
         C:\Program Files (x86)\Microsoft SDKs\Windows\v7.0A\bin\mt.exe /nologo /verbose /outputresource:"E:\0001\002\Debug\002.exe;#1" /manifest Debug\002.exe.intermediate.manifest
       FinalizeBuildStatus:
         正在删除文件“Debug\002.unsuccessfulbuild”。
         正在对“Debug\002.lastbuildstate”执行 Touch 任务。
     1>已完成生成项目“E:\0001\002\002\002.vcxproj”(build 个目标)的操作。

生成成功。

已用时间 00:00:01.37
